<?xml version="1.0" encoding="UTF-8"?>
<testsuite name="com.anchor.api.AnchorApplicationTests" tests="1" skipped="0" failures="0" errors="0" timestamp="2020-04-28T07:21:26" hostname="Aubreys-iMac.local" time="0.148">
  <properties/>
  <testcase name="contextLoads()" classname="com.anchor.api.AnchorApplicationTests" time="0.148"/>
  <system-out><![CDATA[09:21:16.199 [Test worker] DEBUG org.springframework.test.context.BootstrapUtils - Instantiating CacheAwareContextLoaderDelegate from class [org.springframework.test.context.cache.DefaultCacheAwareContextLoaderDelegate]
09:21:16.211 [Test worker] DEBUG org.springframework.test.context.BootstrapUtils - Instantiating BootstrapContext using constructor [public org.springframework.test.context.support.DefaultBootstrapContext(java.lang.Class,org.springframework.test.context.CacheAwareContextLoaderDelegate)]
09:21:16.239 [Test worker] DEBUG org.springframework.test.context.BootstrapUtils - Instantiating TestContextBootstrapper for test class [com.anchor.api.AnchorApplicationTests] from class [org.springframework.boot.test.context.SpringBootTestContextBootstrapper]
09:21:16.254 [Test worker] INFO org.springframework.boot.test.context.SpringBootTestContextBootstrapper - Neither @ContextConfiguration nor @ContextHierarchy found for test class [com.anchor.api.AnchorApplicationTests], using SpringBootContextLoader
09:21:16.258 [Test worker] DEBUG org.springframework.test.context.support.AbstractContextLoader - Did not detect default resource location for test class [com.anchor.api.AnchorApplicationTests]: class path resource [com/anchor/api/AnchorApplicationTests-context.xml] does not exist
09:21:16.258 [Test worker] DEBUG org.springframework.test.context.support.AbstractContextLoader - Did not detect default resource location for test class [com.anchor.api.AnchorApplicationTests]: class path resource [com/anchor/api/AnchorApplicationTestsContext.groovy] does not exist
09:21:16.259 [Test worker] INFO org.springframework.test.context.support.AbstractContextLoader - Could not detect default resource locations for test class [com.anchor.api.AnchorApplicationTests]: no resource found for suffixes {-context.xml, Context.groovy}.
09:21:16.259 [Test worker] INFO org.springframework.test.context.support.AnnotationConfigContextLoaderUtils - Could not detect default configuration classes for test class [com.anchor.api.AnchorApplicationTests]: AnchorApplicationTests does not declare any static, non-private, non-final, nested classes annotated with @Configuration.
09:21:16.306 [Test worker] DEBUG org.springframework.test.context.support.ActiveProfilesUtils - Could not find an 'annotation declaring class' for annotation type [org.springframework.test.context.ActiveProfiles] and class [com.anchor.api.AnchorApplicationTests]
09:21:16.372 [Test worker] DEBUG org.springframework.context.annotation.ClassPathScanningCandidateComponentProvider - Identified candidate component class: file [/Users/aubs/WORK/STELLAR-ANCHOR/stellar-anchor/build/classes/java/main/com/anchor/api/AnchorApplication.class]
09:21:16.376 [Test worker] INFO org.springframework.boot.test.context.SpringBootTestContextBootstrapper - Found @SpringBootConfiguration com.anchor.api.AnchorApplication for test class com.anchor.api.AnchorApplicationTests
09:21:16.493 [Test worker] DEBUG org.springframework.boot.test.context.SpringBootTestContextBootstrapper - @TestExecutionListeners is not present for class [com.anchor.api.AnchorApplicationTests]: using defaults.
09:21:16.494 [Test worker] INFO org.springframework.boot.test.context.SpringBootTestContextBootstrapper - Loaded default TestExecutionListener class names from location [META-INF/spring.factories]: [org.springframework.boot.test.autoconfigure.restdocs.RestDocsTestExecutionListener, org.springframework.boot.test.autoconfigure.web.client.MockRestServiceServerResetTestExecutionListener, org.springframework.boot.test.autoconfigure.web.servlet.MockMvcPrintOnlyOnFailureTestExecutionListener, org.springframework.boot.test.autoconfigure.web.servlet.WebDriverTestExecutionListener, org.springframework.boot.test.mock.mockito.MockitoTestExecutionListener, org.springframework.boot.test.mock.mockito.ResetMocksTestExecutionListener, org.springframework.test.context.web.ServletTestExecutionListener, org.springframework.test.context.support.DirtiesContextBeforeModesTestExecutionListener, org.springframework.test.context.support.DependencyInjectionTestExecutionListener, org.springframework.test.context.support.DirtiesContextTestExecutionListener, org.springframework.test.context.transaction.TransactionalTestExecutionListener, org.springframework.test.context.jdbc.SqlScriptsTestExecutionListener, org.springframework.test.context.event.EventPublishingTestExecutionListener]
09:21:16.506 [Test worker] DEBUG org.springframework.boot.test.context.SpringBootTestContextBootstrapper - Skipping candidate TestExecutionListener [org.springframework.test.context.transaction.TransactionalTestExecutionListener] due to a missing dependency. Specify custom listener classes or make the default listener classes and their required dependencies available. Offending class: [org/springframework/transaction/TransactionDefinition]
09:21:16.506 [Test worker] DEBUG org.springframework.boot.test.context.SpringBootTestContextBootstrapper - Skipping candidate TestExecutionListener [org.springframework.test.context.jdbc.SqlScriptsTestExecutionListener] due to a missing dependency. Specify custom listener classes or make the default listener classes and their required dependencies available. Offending class: [org/springframework/transaction/interceptor/TransactionAttribute]
09:21:16.507 [Test worker] INFO org.springframework.boot.test.context.SpringBootTestContextBootstrapper - Using TestExecutionListeners: [org.springframework.test.context.web.ServletTestExecutionListener@1f127543, org.springframework.test.context.support.DirtiesContextBeforeModesTestExecutionListener@569b6681, org.springframework.boot.test.mock.mockito.MockitoTestExecutionListener@5399ea10, org.springframework.boot.test.autoconfigure.SpringBootDependencyInjectionTestExecutionListener@69fd3967, org.springframework.test.context.support.DirtiesContextTestExecutionListener@65c9e176, org.springframework.test.context.event.EventPublishingTestExecutionListener@686b3c20, org.springframework.boot.test.autoconfigure.restdocs.RestDocsTestExecutionListener@743e8257, org.springframework.boot.test.autoconfigure.web.client.MockRestServiceServerResetTestExecutionListener@7488bbb6, org.springframework.boot.test.autoconfigure.web.servlet.MockMvcPrintOnlyOnFailureTestExecutionListener@5ee03600, org.springframework.boot.test.autoconfigure.web.servlet.WebDriverTestExecutionListener@6fdb8bc0, org.springframework.boot.test.mock.mockito.ResetMocksTestExecutionListener@6f778056]
09:21:16.511 [Test worker] DEBUG org.springframework.test.context.support.AbstractDirtiesContextTestExecutionListener - Before test class: context [DefaultTestContext@36980fdc testClass = AnchorApplicationTests, testInstance = [null], testMethod = [null], testException = [null], mergedContextConfiguration = [WebMergedContextConfiguration@4369fd31 testClass = AnchorApplicationTests, locations = '{}', classes = '{class com.anchor.api.AnchorApplication}', contextInitializerClasses = '[]', activeProfiles = '{}', propertySourceLocations = '{}', propertySourceProperties = '{org.springframework.boot.test.context.SpringBootTestContextBootstrapper=true}', contextCustomizers = set[org.springframework.boot.test.autoconfigure.properties.PropertyMappingContextCustomizer@0, org.springframework.boot.test.autoconfigure.web.servlet.WebDriverContextCustomizerFactory$Customizer@6abd1be3, org.springframework.boot.test.context.filter.ExcludeFilterContextCustomizer@68815ed3, org.springframework.boot.test.json.DuplicateJsonObjectContextCustomizerFactory$DuplicateJsonObjectContextCustomizer@793c1c82, org.springframework.boot.test.mock.mockito.MockitoContextCustomizer@0, org.springframework.boot.test.web.client.TestRestTemplateContextCustomizer@2c6487cd], resourceBasePath = 'src/main/webapp', contextLoader = 'org.springframework.boot.test.context.SpringBootContextLoader', parent = [null]], attributes = map['org.springframework.test.context.web.ServletTestExecutionListener.activateListener' -> true]], class annotated with @DirtiesContext [false] with mode [null].
09:21:16.542 [Test worker] DEBUG org.springframework.test.context.support.TestPropertySourceUtils - Adding inlined properties to environment: {spring.jmx.enabled=false, org.springframework.boot.test.context.SpringBootTestContextBootstrapper=true, server.port=-1}

  .   ____          _            __ _ _
 /\\ / ___'_ __ _ _(_)_ __  __ _ \ \ \ \
( ( )\___ | '_ | '_| | '_ \/ _` | \ \ \ \
 \\/  ___)| |_)| | | | | || (_| |  ) ) ) )
  '  |____| .__|_| |_|_| |_\__, | / / / /
 =========|_|==============|___/=/_/_/_/
 :: Spring Boot ::        (v2.2.6.RELEASE)

2020-04-28 09:21:16.972  INFO 45148 --- [    Test worker] com.anchor.api.AnchorApplicationTests    : Starting AnchorApplicationTests on Aubreys-iMac.local with PID 45148 (started by aubs in /Users/aubs/WORK/STELLAR-ANCHOR/stellar-anchor)
2020-04-28 09:21:16.973  INFO 45148 --- [    Test worker] com.anchor.api.AnchorApplicationTests    : The following profiles are active: dev
2020-04-28 09:21:17.003 DEBUG 45148 --- [    Test worker] o.s.w.c.s.GenericWebApplicationContext   : Refreshing org.springframework.web.context.support.GenericWebApplicationContext@a4abb7e
2020-04-28 09:21:17.763  INFO 45148 --- [    Test worker] FirebaseService                          : ]]>&#x1f34f;<![CDATA[ ]]>&#x1f34f;<![CDATA[ FirebaseService constructed ]]>&#x1f34f;<![CDATA[
2020-04-28 09:21:17.771  INFO 45148 --- [    Test worker] AccountService                           : ]]>&#x1f33c;<![CDATA[ ]]>&#x1f33c;<![CDATA[ AccountService Constructor fired ... ]]>&#x1f33c;<![CDATA[ Manage Stellar Accounts
2020-04-28 09:21:17.776  INFO 45148 --- [    Test worker] TOMLService                              : ]]>&#x1f436;<![CDATA[ ]]>&#x1f436;<![CDATA[ Service for TOML up and running ]]>&#x1f621;<![CDATA[
2020-04-28 09:21:17.778  INFO 45148 --- [    Test worker] com.anchor.api.services.CryptoService    : ]]>&#x1f511;<![CDATA[ ]]>&#x1f511;<![CDATA[ CryptoService; ]]>&#x1f511;<![CDATA[ ... to hide shit ... ]]>&#x1f511;<![CDATA[
2020-04-28 09:21:17.785  INFO 45148 --- [    Test worker] AnchorSep10Challenge                     : ]]>&#x1f499;<![CDATA[ ]]>&#x1f499;<![CDATA[ AnchorSep10Challenge Service constructor: ]]>&#x1f499;<![CDATA[ handles Sep10 Web Authentication
2020-04-28 09:21:17.788  INFO 45148 --- [    Test worker] JWTokenService                           : ]]>&#x1f511;<![CDATA[ ]]>&#x1f511;<![CDATA[ JWToken Service constructed ]]>&#x1f437;<![CDATA[ 
2020-04-28 09:21:17.792  INFO 45148 --- [    Test worker] Scheduler                                : ]]>&#x1f424;<![CDATA[ ]]>&#x1f424;<![CDATA[ Scheduler constructed. Waiting to be triggered ]]>&#x1f424;<![CDATA[ 
2020-04-28 09:21:17.799  INFO 45148 --- [    Test worker] AgentController                          : ]]>&#x1f96c;<![CDATA[ ]]>&#x1f96c;<![CDATA[ AnchorController  ]]>&#x1f351;<![CDATA[ constructed and ready to go! ]]>&#x1f345;<![CDATA[ CORS enabled for the controller
2020-04-28 09:21:17.803  INFO 45148 --- [    Test worker] AnchorAccountService                     : ]]>&#x1f941;<![CDATA[ ]]>&#x1f941;<![CDATA[ AnchorAccountService Constructor fired ...]]>&#x1f9e1;<![CDATA[ manages the setup of Anchor base and issuing accounts
2020-04-28 09:21:17.806  INFO 45148 --- [    Test worker] com.anchor.api.services.AgentService     : ]]>&#x1f941;<![CDATA[ ]]>&#x1f941;<![CDATA[ AgentService - not quite the Secret Service]]>&#x1f941;<![CDATA[ ]]>&#x1f941;<![CDATA[ 
2020-04-28 09:21:17.809  INFO 45148 --- [    Test worker] PaymentService                           : ]]>&#x1f30d;<![CDATA[ ]]>&#x1f30d;<![CDATA[ PaymentService Constructor fired ... ]]>&#x1f30d;<![CDATA[
2020-04-28 09:21:17.814  INFO 45148 --- [    Test worker] AnchorController                         : ]]>&#x1f96c;<![CDATA[ ]]>&#x1f96c;<![CDATA[ AnchorController  ]]>&#x1f351;<![CDATA[ constructed and ready to go! ]]>&#x1f345;<![CDATA[ CORS enabled for the controller
2020-04-28 09:21:17.817  INFO 45148 --- [    Test worker] DemoDataGenerator                        : ]]>&#x1f698;<![CDATA[ ]]>&#x1f698;<![CDATA[ Demo data DemoDataGenerator ready and able!
2020-04-28 09:21:17.820  INFO 45148 --- [    Test worker] StokvelService                           : ]]>&#x1f44c;<![CDATA[]]>&#x1f3fe;<![CDATA[ ]]>&#x1f44c;<![CDATA[]]>&#x1f3fe;<![CDATA[ StokvelService up and ready for gig! ]]>&#x1f4a7;<![CDATA[ 
2020-04-28 09:21:17.829  INFO 45148 --- [    Test worker] TransferController                       : ]]>&#x1f96c;<![CDATA[ ]]>&#x1f96c;<![CDATA[ TransferController  ]]>&#x1f351;<![CDATA[ constructed and ready to go! ]]>&#x1f345;<![CDATA[ CORS enabled for the controller
2020-04-28 09:21:18.202  INFO 45148 --- [    Test worker] o.s.s.concurrent.ThreadPoolTaskExecutor  : Initializing ExecutorService 'applicationTaskExecutor'
2020-04-28 09:21:18.218 DEBUG 45148 --- [    Test worker] s.w.s.m.m.a.RequestMappingHandlerAdapter : ControllerAdvice beans: 0 @ModelAttribute, 0 @InitBinder, 1 RequestBodyAdvice, 1 ResponseBodyAdvice
2020-04-28 09:21:18.300 DEBUG 45148 --- [    Test worker] s.w.s.m.m.a.RequestMappingHandlerMapping : 57 mappings in 'requestMappingHandlerMapping'
2020-04-28 09:21:18.365 DEBUG 45148 --- [    Test worker] o.s.w.s.handler.SimpleUrlHandlerMapping  : Patterns [/webjars/**, /**] in 'resourceHandlerMapping'
2020-04-28 09:21:18.387 DEBUG 45148 --- [    Test worker] .m.m.a.ExceptionHandlerExceptionResolver : ControllerAdvice beans: 0 @ExceptionHandler, 1 ResponseBodyAdvice
2020-04-28 09:21:18.515  INFO 45148 --- [    Test worker] o.s.s.c.ThreadPoolTaskScheduler          : Initializing ExecutorService 'taskScheduler'
2020-04-28 09:21:18.625  INFO 45148 --- [    Test worker] o.s.c.g.core.DefaultCredentialsProvider  : Default credentials provider for service account firebase-adminsdk-7x0bs@stellar-anchor-333.iam.gserviceaccount.com
2020-04-28 09:21:18.625  INFO 45148 --- [    Test worker] o.s.c.g.core.DefaultCredentialsProvider  : Scopes in use by default credentials: [https://www.googleapis.com/auth/pubsub, https://www.googleapis.com/auth/spanner.admin, https://www.googleapis.com/auth/spanner.data, https://www.googleapis.com/auth/datastore, https://www.googleapis.com/auth/sqlservice.admin, https://www.googleapis.com/auth/devstorage.read_only, https://www.googleapis.com/auth/devstorage.read_write, https://www.googleapis.com/auth/cloudruntimeconfig, https://www.googleapis.com/auth/trace.append, https://www.googleapis.com/auth/cloud-platform, https://www.googleapis.com/auth/cloud-vision, https://www.googleapis.com/auth/bigquery]
2020-04-28 09:21:18.705  INFO 45148 --- [    Test worker] o.s.c.g.a.c.GcpContextAutoConfiguration  : The default project ID is stellar-anchor-333
2020-04-28 09:21:20.768  INFO 45148 --- [    Test worker] o.s.s.c.ThreadPoolTaskScheduler          : Initializing ExecutorService 'pubsubPublisherThreadPool'
2020-04-28 09:21:20.770  INFO 45148 --- [    Test worker] o.s.s.c.ThreadPoolTaskScheduler          : Initializing ExecutorService 'pubsubSubscriberThreadPool'
2020-04-28 09:21:20.794  INFO 45148 --- [    Test worker] o.s.s.concurrent.ThreadPoolTaskExecutor  : Initializing ExecutorService 'pubSubAcknowledgementExecutor'
2020-04-28 09:21:20.952  INFO 45148 --- [    Test worker] com.anchor.api.util.EndpointsListener    : ]]>&#x1f345;<![CDATA[ ]]>&#x1f345;<![CDATA[ ]]>&#x1f345;<![CDATA[ ]]>&#x1f345;<![CDATA[ ]]>&#x1f345;<![CDATA[ EndpointsListener: handleContextRefresh fired! ]]>&#x1f966;<![CDATA[ ]]>&#x1f966;<![CDATA[ ]]>&#x1f966;<![CDATA[ Listing all available endpoints
2020-04-28 09:21:20.953  INFO 45148 --- [    Test worker] com.anchor.api.util.EndpointsListener    : ]]>&#x1f33c;<![CDATA[ POST endpoints .....  : 21 ]]>&#x1f33c;<![CDATA[ 
2020-04-28 09:21:20.953  INFO 45148 --- [    Test worker] com.anchor.api.util.EndpointsListener    : ]]>&#x1f34e;<![CDATA[ Server POST ]]>&#x1f350;<![CDATA[ EndPoint #1 POST com.anchor.api.controllers.AgentController#createAgent(Agent)
2020-04-28 09:21:20.954  INFO 45148 --- [    Test worker] com.anchor.api.util.EndpointsListener    : ]]>&#x1f34e;<![CDATA[ Server POST ]]>&#x1f350;<![CDATA[ EndPoint #2 POST com.anchor.api.controllers.AgentController#updateAgent(Agent)
2020-04-28 09:21:20.954  INFO 45148 --- [    Test worker] com.anchor.api.util.EndpointsListener    : ]]>&#x1f34e;<![CDATA[ Server POST ]]>&#x1f350;<![CDATA[ EndPoint #3 POST com.anchor.api.controllers.AgentController#approveApplicationByAgent(LoanApplication)
2020-04-28 09:21:20.954  INFO 45148 --- [    Test worker] com.anchor.api.util.EndpointsListener    : ]]>&#x1f34e;<![CDATA[ Server POST ]]>&#x1f350;<![CDATA[ EndPoint #4 POST com.anchor.api.controllers.AgentController#loanApplication(LoanApplication)
2020-04-28 09:21:20.954  INFO 45148 --- [    Test worker] com.anchor.api.util.EndpointsListener    : ]]>&#x1f34e;<![CDATA[ Server POST ]]>&#x1f350;<![CDATA[ EndPoint #5 POST com.anchor.api.controllers.AgentController#approveApplicationByClient(String)
2020-04-28 09:21:20.954  INFO 45148 --- [    Test worker] com.anchor.api.util.EndpointsListener    : ]]>&#x1f34e;<![CDATA[ Server POST ]]>&#x1f350;<![CDATA[ EndPoint #6 POST com.anchor.api.controllers.AgentController#declineApplication(LoanApplication)
2020-04-28 09:21:20.954  INFO 45148 --- [    Test worker] com.anchor.api.util.EndpointsListener    : ]]>&#x1f34e;<![CDATA[ Server POST ]]>&#x1f350;<![CDATA[ EndPoint #7 POST com.anchor.api.controllers.AgentController#makeLoanPayment(LoanPayment)
2020-04-28 09:21:20.954  INFO 45148 --- [    Test worker] com.anchor.api.util.EndpointsListener    : ]]>&#x1f34e;<![CDATA[ Server POST ]]>&#x1f350;<![CDATA[ EndPoint #8 POST com.anchor.api.controllers.AgentController#loanPayment(LoanPayment)
2020-04-28 09:21:20.954  INFO 45148 --- [    Test worker] com.anchor.api.util.EndpointsListener    : ]]>&#x1f34e;<![CDATA[ Server POST ]]>&#x1f350;<![CDATA[ EndPoint #9 POST com.anchor.api.controllers.AgentController#addOrganization(Organization)
2020-04-28 09:21:20.954  INFO 45148 --- [    Test worker] com.anchor.api.util.EndpointsListener    : ]]>&#x1f34e;<![CDATA[ Server POST ]]>&#x1f350;<![CDATA[ EndPoint #10 POST com.anchor.api.controllers.AgentController#approveLoanApplication(LoanApplication)
2020-04-28 09:21:20.954  INFO 45148 --- [    Test worker] com.anchor.api.util.EndpointsListener    : ]]>&#x1f34e;<![CDATA[ Server POST ]]>&#x1f350;<![CDATA[ EndPoint #11 POST com.anchor.api.controllers.AgentController#sendPayment(PaymentRequest)
2020-04-28 09:21:20.954  INFO 45148 --- [    Test worker] com.anchor.api.util.EndpointsListener    : ]]>&#x1f34e;<![CDATA[ Server POST ]]>&#x1f350;<![CDATA[ EndPoint #12 POST com.anchor.api.controllers.AgentController#declineLoanApplication(LoanApplication)
2020-04-28 09:21:20.954  INFO 45148 --- [    Test worker] com.anchor.api.util.EndpointsListener    : ]]>&#x1f34e;<![CDATA[ Server POST ]]>&#x1f350;<![CDATA[ EndPoint #13 POST com.anchor.api.controllers.AgentController#createClient(Client)
2020-04-28 09:21:20.954  INFO 45148 --- [    Test worker] com.anchor.api.util.EndpointsListener    : ]]>&#x1f34e;<![CDATA[ Server POST ]]>&#x1f350;<![CDATA[ EndPoint #14 POST com.anchor.api.controllers.AgentController#updateClient(Client)
2020-04-28 09:21:20.954  INFO 45148 --- [    Test worker] com.anchor.api.util.EndpointsListener    : ]]>&#x1f34e;<![CDATA[ Server POST ]]>&#x1f350;<![CDATA[ EndPoint #15 POST com.anchor.api.controllers.AgentController#uploadTOML(String, MultipartFile)
2020-04-28 09:21:20.954  INFO 45148 --- [    Test worker] com.anchor.api.util.EndpointsListener    : ]]>&#x1f34e;<![CDATA[ Server POST ]]>&#x1f350;<![CDATA[ EndPoint #16 POST com.anchor.api.controllers.AnchorController#createAnchor(AnchorBag)
2020-04-28 09:21:20.954  INFO 45148 --- [    Test worker] com.anchor.api.util.EndpointsListener    : ]]>&#x1f34e;<![CDATA[ Server POST ]]>&#x1f350;<![CDATA[ EndPoint #17 POST com.anchor.api.controllers.TransferController#token(String)
2020-04-28 09:21:20.954  INFO 45148 --- [    Test worker] com.anchor.api.util.EndpointsListener    : ]]>&#x1f34e;<![CDATA[ Server POST ]]>&#x1f350;<![CDATA[ EndPoint #18 POST com.anchor.api.controllers.TransferController#deposit(DepositRequestParameters)
2020-04-28 09:21:20.954  INFO 45148 --- [    Test worker] com.anchor.api.util.EndpointsListener    : ]]>&#x1f34e;<![CDATA[ Server POST ]]>&#x1f350;<![CDATA[ EndPoint #19 POST com.anchor.api.controllers.TransferController#withdraw(WithdrawRequestParameters)
2020-04-28 09:21:20.954  INFO 45148 --- [    Test worker] com.anchor.api.util.EndpointsListener    : ]]>&#x1f34e;<![CDATA[ Server POST ]]>&#x1f350;<![CDATA[ EndPoint #20 POST com.anchor.api.controllers.TransferController#setAnchorInfo(Info)
2020-04-28 09:21:20.955  INFO 45148 --- [    Test worker] com.anchor.api.util.EndpointsListener    : ]]>&#x1f34e;<![CDATA[ Server POST ]]>&#x1f350;<![CDATA[ EndPoint #21 POST com.anchor.api.controllers.TransferController#setOptions(Options)
2020-04-28 09:21:20.955  INFO 45148 --- [    Test worker] com.anchor.api.util.EndpointsListener    : ]]>&#x1f33c;<![CDATA[ GET endpoints .....  : 32 ]]>&#x1f33c;<![CDATA[ 
2020-04-28 09:21:20.955  INFO 45148 --- [    Test worker] com.anchor.api.util.EndpointsListener    : ]]>&#x1f34e;<![CDATA[ Server GET ]]>&#x1f535;<![CDATA[ EndPoint #1 GET com.anchor.api.controllers.AgentController#getAgents(String)
2020-04-28 09:21:20.955  INFO 45148 --- [    Test worker] com.anchor.api.util.EndpointsListener    : ]]>&#x1f34e;<![CDATA[ Server GET ]]>&#x1f535;<![CDATA[ EndPoint #2 GET com.anchor.api.controllers.AgentController#retrieveKey(String)
2020-04-28 09:21:20.955  INFO 45148 --- [    Test worker] com.anchor.api.util.EndpointsListener    : ]]>&#x1f34e;<![CDATA[ Server GET ]]>&#x1f535;<![CDATA[ EndPoint #3 GET com.anchor.api.controllers.AgentController#getLoanPayments(String)
2020-04-28 09:21:20.955  INFO 45148 --- [    Test worker] com.anchor.api.util.EndpointsListener    : ]]>&#x1f34e;<![CDATA[ Server GET ]]>&#x1f535;<![CDATA[ EndPoint #4 GET com.anchor.api.controllers.AgentController#getPaymentRequests(String)
2020-04-28 09:21:20.955  INFO 45148 --- [    Test worker] com.anchor.api.util.EndpointsListener    : ]]>&#x1f34e;<![CDATA[ Server GET ]]>&#x1f535;<![CDATA[ EndPoint #5 GET com.anchor.api.controllers.AgentController#getAgentClients(String)
2020-04-28 09:21:20.955  INFO 45148 --- [    Test worker] com.anchor.api.util.EndpointsListener    : ]]>&#x1f34e;<![CDATA[ Server GET ]]>&#x1f535;<![CDATA[ EndPoint #6 GET com.anchor.api.controllers.AgentController#getAgentLoans(String)
2020-04-28 09:21:20.955  INFO 45148 --- [    Test worker] com.anchor.api.util.EndpointsListener    : ]]>&#x1f34e;<![CDATA[ Server GET ]]>&#x1f535;<![CDATA[ EndPoint #7 GET com.anchor.api.controllers.AgentController#removeClient(String)
2020-04-28 09:21:20.955  INFO 45148 --- [    Test worker] com.anchor.api.util.EndpointsListener    : ]]>&#x1f34e;<![CDATA[ Server GET ]]>&#x1f535;<![CDATA[ EndPoint #8 GET com.anchor.api.controllers.AgentController#getTOML(String)
2020-04-28 09:21:20.955  INFO 45148 --- [    Test worker] com.anchor.api.util.EndpointsListener    : ]]>&#x1f34e;<![CDATA[ Server GET ]]>&#x1f535;<![CDATA[ EndPoint #9 GET com.anchor.api.controllers.AnchorController#getStellarToml()
2020-04-28 09:21:20.955  INFO 45148 --- [    Test worker] com.anchor.api.util.EndpointsListener    : ]]>&#x1f34e;<![CDATA[ Server GET ]]>&#x1f535;<![CDATA[ EndPoint #10 GET com.anchor.api.controllers.AnchorController#getAnchor(String)
2020-04-28 09:21:20.955  INFO 45148 --- [    Test worker] com.anchor.api.util.EndpointsListener    : ]]>&#x1f34e;<![CDATA[ Server GET ]]>&#x1f535;<![CDATA[ EndPoint #11 GET com.anchor.api.controllers.AnchorController#hello()
2020-04-28 09:21:20.955  INFO 45148 --- [    Test worker] com.anchor.api.util.EndpointsListener    : ]]>&#x1f34e;<![CDATA[ Server GET ]]>&#x1f535;<![CDATA[ EndPoint #12 GET com.anchor.api.controllers.AnchorController#getStellarTomlToo()
2020-04-28 09:21:20.955  INFO 45148 --- [    Test worker] com.anchor.api.util.EndpointsListener    : ]]>&#x1f34e;<![CDATA[ Server GET ]]>&#x1f535;<![CDATA[ EndPoint #13 GET com.anchor.api.controllers.AnchorController#ping()
2020-04-28 09:21:20.955  INFO 45148 --- [    Test worker] com.anchor.api.util.EndpointsListener    : ]]>&#x1f34e;<![CDATA[ Server GET ]]>&#x1f535;<![CDATA[ EndPoint #14 GET com.anchor.api.controllers.AnchorController#getAccountUsingSeed(String)
2020-04-28 09:21:20.955  INFO 45148 --- [    Test worker] com.anchor.api.util.EndpointsListener    : ]]>&#x1f34e;<![CDATA[ Server GET ]]>&#x1f535;<![CDATA[ EndPoint #15 GET com.anchor.api.controllers.AnchorController#getAccountUsingAccountId(String)
2020-04-28 09:21:20.955  INFO 45148 --- [    Test worker] com.anchor.api.util.EndpointsListener    : ]]>&#x1f34e;<![CDATA[ Server GET ]]>&#x1f535;<![CDATA[ EndPoint #16 GET com.anchor.api.controllers.AnchorController#getClients(String)
2020-04-28 09:21:20.955  INFO 45148 --- [    Test worker] com.anchor.api.util.EndpointsListener    : ]]>&#x1f34e;<![CDATA[ Server GET ]]>&#x1f535;<![CDATA[ EndPoint #17 GET com.anchor.api.controllers.AnchorController#createKeyRing(String)
2020-04-28 09:21:20.955  INFO 45148 --- [    Test worker] com.anchor.api.util.EndpointsListener    : ]]>&#x1f34e;<![CDATA[ Server GET ]]>&#x1f535;<![CDATA[ EndPoint #18 GET com.anchor.api.controllers.AnchorController#createCryptoKey()
2020-04-28 09:21:20.956  INFO 45148 --- [    Test worker] com.anchor.api.util.EndpointsListener    : ]]>&#x1f34e;<![CDATA[ Server GET ]]>&#x1f535;<![CDATA[ EndPoint #19 GET com.anchor.api.controllers.AnchorController#createTestInfo()
2020-04-28 09:21:20.956  INFO 45148 --- [    Test worker] com.anchor.api.util.EndpointsListener    : ]]>&#x1f34e;<![CDATA[ Server GET ]]>&#x1f535;<![CDATA[ EndPoint #20 GET com.anchor.api.controllers.DataGenerationController#generateAnchor(String)
2020-04-28 09:21:20.956  INFO 45148 --- [    Test worker] com.anchor.api.util.EndpointsListener    : ]]>&#x1f34e;<![CDATA[ Server GET ]]>&#x1f535;<![CDATA[ EndPoint #21 GET com.anchor.api.controllers.DataGenerationController#generateDemo(String)
2020-04-28 09:21:20.956  INFO 45148 --- [    Test worker] com.anchor.api.util.EndpointsListener    : ]]>&#x1f34e;<![CDATA[ Server GET ]]>&#x1f535;<![CDATA[ EndPoint #22 GET com.anchor.api.controllers.DataGenerationController#generateLoans(String)
2020-04-28 09:21:20.956  INFO 45148 --- [    Test worker] com.anchor.api.util.EndpointsListener    : ]]>&#x1f34e;<![CDATA[ Server GET ]]>&#x1f535;<![CDATA[ EndPoint #23 GET com.anchor.api.controllers.DataGenerationController#generateStokvel(String)
2020-04-28 09:21:20.956  INFO 45148 --- [    Test worker] com.anchor.api.util.EndpointsListener    : ]]>&#x1f34e;<![CDATA[ Server GET ]]>&#x1f535;<![CDATA[ EndPoint #24 GET com.anchor.api.controllers.DataGenerationController#generateStokvelMembers(String, String)
2020-04-28 09:21:20.956  INFO 45148 --- [    Test worker] com.anchor.api.util.EndpointsListener    : ]]>&#x1f34e;<![CDATA[ Server GET ]]>&#x1f535;<![CDATA[ EndPoint #25 GET com.anchor.api.controllers.DataGenerationController#generateAgentFunding(String)
2020-04-28 09:21:20.956  INFO 45148 --- [    Test worker] com.anchor.api.util.EndpointsListener    : ]]>&#x1f34e;<![CDATA[ Server GET ]]>&#x1f535;<![CDATA[ EndPoint #26 GET com.anchor.api.controllers.DataGenerationController#generateLoanApprovals(String)
2020-04-28 09:21:20.956  INFO 45148 --- [    Test worker] com.anchor.api.util.EndpointsListener    : ]]>&#x1f34e;<![CDATA[ Server GET ]]>&#x1f535;<![CDATA[ EndPoint #27 GET com.anchor.api.controllers.DataGenerationController#generatePayments(String)
2020-04-28 09:21:20.956  INFO 45148 --- [    Test worker] com.anchor.api.util.EndpointsListener    : ]]>&#x1f34e;<![CDATA[ Server GET ]]>&#x1f535;<![CDATA[ EndPoint #28 GET com.anchor.api.controllers.TransferController#getServerInfo(String, String, String)
2020-04-28 09:21:20.956  INFO 45148 --- [    Test worker] com.anchor.api.util.EndpointsListener    : ]]>&#x1f34e;<![CDATA[ Server GET ]]>&#x1f535;<![CDATA[ EndPoint #29 GET com.anchor.api.controllers.TransferController#fee(String, String, String, String)
2020-04-28 09:21:20.956  INFO 45148 --- [    Test worker] com.anchor.api.util.EndpointsListener    : ]]>&#x1f34e;<![CDATA[ Server GET ]]>&#x1f535;<![CDATA[ EndPoint #30 GET com.anchor.api.controllers.TransferController#auth(String)
2020-04-28 09:21:20.956  INFO 45148 --- [    Test worker] com.anchor.api.util.EndpointsListener    : ]]>&#x1f34e;<![CDATA[ Server GET ]]>&#x1f535;<![CDATA[ EndPoint #31 GET com.anchor.api.controllers.TransferController#transaction(String, String, String)
2020-04-28 09:21:20.956  INFO 45148 --- [    Test worker] com.anchor.api.util.EndpointsListener    : ]]>&#x1f34e;<![CDATA[ Server GET ]]>&#x1f535;<![CDATA[ EndPoint #32 GET com.anchor.api.controllers.TransferController#transactions(String, String, String, int, String, String, String)
2020-04-28 09:21:20.956  INFO 45148 --- [    Test worker] com.anchor.api.util.EndpointsListener    : ]]>&#x1f33c;<![CDATA[ OTHER endpoints .....  : 4 ]]>&#x1f33c;<![CDATA[ 
2020-04-28 09:21:20.956  INFO 45148 --- [    Test worker] com.anchor.api.util.EndpointsListener    : ]]>&#x1f34e;<![CDATA[ Server EndPoint ]]>&#x1f3b2;<![CDATA[  #1 {PUT /customer} com.anchor.api.controllers.TransferController#putCustomer(Client)
2020-04-28 09:21:20.956  INFO 45148 --- [    Test worker] com.anchor.api.util.EndpointsListener    : ]]>&#x1f34e;<![CDATA[ Server EndPoint ]]>&#x1f3b2;<![CDATA[  #2 {DELETE /customer} com.anchor.api.controllers.TransferController#deleteCustomer(Client)
2020-04-28 09:21:20.956  INFO 45148 --- [    Test worker] com.anchor.api.util.EndpointsListener    : ]]>&#x1f34e;<![CDATA[ Server EndPoint ]]>&#x1f3b2;<![CDATA[  #3 { /error, produces [text/html]} org.springframework.boot.autoconfigure.web.servlet.error.BasicErrorController#errorHtml(HttpServletRequest, HttpServletResponse)
2020-04-28 09:21:20.956  INFO 45148 --- [    Test worker] com.anchor.api.util.EndpointsListener    : ]]>&#x1f34e;<![CDATA[ Server EndPoint ]]>&#x1f3b2;<![CDATA[  #4 { /error} org.springframework.boot.autoconfigure.web.servlet.error.BasicErrorController#error(HttpServletRequest)
2020-04-28 09:21:20.956  INFO 45148 --- [    Test worker] com.anchor.api.util.EndpointsListener    : ]]>&#x1f345;<![CDATA[ ]]>&#x1f345;<![CDATA[ ]]>&#x1f345;<![CDATA[ ]]>&#x1f345;<![CDATA[ ]]>&#x1f345;<![CDATA[ EndpointsListener: Total EndPoints: 57
2020-04-28 09:21:20.967  INFO 45148 --- [    Test worker] com.anchor.api.AnchorApplicationTests    : Started AnchorApplicationTests in 4.414 seconds (JVM running for 5.573)
2020-04-28 09:21:20.969  INFO 45148 --- [    Test worker] AnchorApplication                        : ]]>&#x1f33c;<![CDATA[ ]]>&#x1f33c;<![CDATA[ onApplicationEvent: ApplicationReadyEvent fired: ]]>&#x1f33c;<![CDATA[ ]]>&#x1f33c;<![CDATA[ app is ready to initialize Firebase .... 
2020-04-28 09:21:20.969  INFO 45148 --- [    Test worker] AnchorApplication                        : ]]>&#x1f33c;<![CDATA[ ]]>&#x1f33c;<![CDATA[ onApplicationEvent: DEVELOPMENT STATUS: ]]>&#x1f351;<![CDATA[ dev ]]>&#x1f351;<![CDATA[ 
2020-04-28 09:21:20.969  INFO 45148 --- [    Test worker] AnchorApplication                        : ]]>&#x1f33c;<![CDATA[ ]]>&#x1f33c;<![CDATA[ onApplicationEvent: DEVELOPMENT STATUS: ]]>&#x1f351;<![CDATA[ dev ]]>&#x1f351;<![CDATA[ 
2020-04-28 09:21:21.002  INFO 45148 --- [   scheduling-1] Scheduler                                : ]]>&#x1f968;<![CDATA[ ]]>&#x1f968;<![CDATA[ Fixed Rate scheduler; ]]>&#x1f33c;<![CDATA[ CALCULATE LOAN BALANCES or OTHER NECESSARY WORK: 2020-04-28T09:21:20.967+02:00 ]]>&#x1f34e;<![CDATA[ 
2020-04-28 09:21:21.017  INFO 45148 --- [    Test worker] AccountService                           : ]]>&#x1f34f;<![CDATA[ ]]>&#x1f34f;<![CDATA[ DEVELOPMENT: ... Stellar TestNet Server and Network ... ]]>&#x1f34f;<![CDATA[ ]]>&#x1f34f;<![CDATA[ 

2020-04-28 09:21:23.169  INFO 45148 --- [    Test worker] AccountService                           : ]]>&#x1f98b;<![CDATA[ ]]>&#x1f98b;<![CDATA[ ]]>&#x1f33c;<![CDATA[ Stellar Horizon Server: {
  "horizonVersion": "1.2.0-793ac79bed374d101302af6682f1f208127b9fd2",
  "stellarCoreVersion": "stellar-core 12.5.0 (703982cd3e60f5981d156659b1d3e447ea1b15a8)",
  "historyLatestLedger": 1424853,
  "historyElderLedger": 1,
  "coreLatestLedger": 1424853,
  "networkPassphrase": "Test SDF Network ; September 2015",
  "protocolVersion": 0,
  "currentProtocolVersion": 12,
  "coreSupportedProtocolVersion": 12,
  "rateLimitLimit": 101,
  "rateLimitRemaining": 100,
  "rateLimitReset": 1
} ]]>&#x1f33c;<![CDATA[ ]]>&#x1f33c;<![CDATA[ 
2020-04-28 09:21:23.171  INFO 45148 --- [    Test worker] AnchorApplication                        : ]]>&#x1f480;<![CDATA[ ]]>&#x1f480;<![CDATA[ Today's Date = Tue Apr 28 09:21:23 SAST 2020
2020-04-28 09:21:23.171  INFO 45148 --- [    Test worker] AnchorApplication                        : ]]>&#x1f480;<![CDATA[ ]]>&#x1f480;<![CDATA[ Last Date of the current month = 30
2020-04-28 09:21:23.171  INFO 45148 --- [    Test worker] FirebaseService                          : ]]>&#x1f3bd;<![CDATA[ ]]>&#x1f3bd;<![CDATA[ ]]>&#x1f3bd;<![CDATA[ ]]>&#x1f3bd;<![CDATA[  FirebaseService initializeDatabase ... ]]>&#x1f34f;<![CDATA[.... ]]>&#x1f499;<![CDATA[ DEV STATUS: ]]>&#x1f49c;<![CDATA[  ]]>&#x1f499;<![CDATA[ ]]>&#x1f499;<![CDATA[ 
2020-04-28 09:21:23.177  INFO 45148 --- [    Test worker] FirebaseService                          : ]]>&#x1f499;<![CDATA[ ]]>&#x1f499;<![CDATA[ Firebase has been set up and initialized. ]]>&#x1f499;<![CDATA[ URL: https://stellar-anchor-333.firebaseio.com/]]>&#x1f922;<![CDATA[ 
2020-04-28 09:21:23.177  INFO 45148 --- [    Test worker] FirebaseService                          : ]]>&#x1f499;<![CDATA[ ]]>&#x1f499;<![CDATA[ Firebase has been set up and initialized. ]]>&#x1f966;<![CDATA[ Name: [DEFAULT]]]>&#x1f9e1;<![CDATA[ ]]>&#x1f49a;<![CDATA[ 
2020-04-28 09:21:26.339  INFO 45148 --- [    Test worker] FirebaseService                          : ]]>&#x1f4a6;<![CDATA[ ]]>&#x1f4a6;<![CDATA[ Collection: #1 ]]>&#x1f499;<![CDATA[ agents
2020-04-28 09:21:26.339  INFO 45148 --- [    Test worker] FirebaseService                          : ]]>&#x1f4a6;<![CDATA[ ]]>&#x1f4a6;<![CDATA[ Collection: #2 ]]>&#x1f499;<![CDATA[ anchorUsers
2020-04-28 09:21:26.339  INFO 45148 --- [    Test worker] FirebaseService                          : ]]>&#x1f4a6;<![CDATA[ ]]>&#x1f4a6;<![CDATA[ Collection: #3 ]]>&#x1f499;<![CDATA[ anchors
2020-04-28 09:21:26.339  INFO 45148 --- [    Test worker] FirebaseService                          : ]]>&#x1f4a6;<![CDATA[ ]]>&#x1f4a6;<![CDATA[ Collection: #4 ]]>&#x1f499;<![CDATA[ clients
2020-04-28 09:21:26.339  INFO 45148 --- [    Test worker] FirebaseService                          : ]]>&#x1f4a6;<![CDATA[ ]]>&#x1f4a6;<![CDATA[ Collection: #5 ]]>&#x1f499;<![CDATA[ loanApplications
2020-04-28 09:21:26.339  INFO 45148 --- [    Test worker] FirebaseService                          : ]]>&#x1f4a6;<![CDATA[ ]]>&#x1f4a6;<![CDATA[ Collection: #6 ]]>&#x1f499;<![CDATA[ paymentRequests
2020-04-28 09:21:26.893  INFO 45148 --- [    Test worker] FirebaseService                          : ]]>&#x1f351;<![CDATA[ ]]>&#x1f351;<![CDATA[ ANCHOR: #1 ]]>&#x1f499;<![CDATA[ Corona FutureBank  ]]>&#x1f966;<![CDATA[ anchorId: b31e9a15-2ed0-42e4-b598-eaa6fdc8d7ad
2020-04-28 09:21:26.893  INFO 45148 --- [    Test worker] FirebaseService                          : ]]>&#x1f499;<![CDATA[ ]]>&#x1f499;<![CDATA[ Firebase Initialization complete; ... anchors found: 1
2020-04-28 09:21:26.893  INFO 45148 --- [    Test worker] AccountService                           : ]]>&#x1f345;<![CDATA[ ]]>&#x1f345;<![CDATA[ ]]>&#x1f345;<![CDATA[ ]]>&#x1f345;<![CDATA[ ]]>&#x1f345;<![CDATA[ ... Listen For Stellar Accounts ...
2020-04-28 09:21:26.896  INFO 45148 --- [    Test worker] AnchorController                         : ]]>&#x1f535;<![CDATA[ ]]>&#x1f535;<![CDATA[ ]]>&#x1f535;<![CDATA[ get stellar.toml file and return to caller...
2020-04-28 09:21:26.897  INFO 45148 --- [    Test worker] AnchorController                         : ]]>&#x1f33c;<![CDATA[ ]]>&#x1f33c;<![CDATA[ ... stellar.toml File has been found ]]>&#x1f345;<![CDATA[ /Users/aubs/WORK/STELLAR-ANCHOR/stellar-anchor/build/resources/main/_well-known/stellar.toml
2020-04-28 09:21:26.910  INFO 45148 --- [    Test worker] AnchorController                         : ]]>&#x1f33c;<![CDATA[ stellar.toml: ]]>&#x1f33c;<![CDATA[ Currency: USD ]]>&#x1f621;<![CDATA[ issuer: GDFN7ELA5333B6RAZE6KC46LLLWLDHE6M6CFTOR5EJGSYUZ3JQSP5MKS
2020-04-28 09:21:26.910  INFO 45148 --- [    Test worker] AnchorController                         : ]]>&#x1f33c;<![CDATA[ stellar.toml: ]]>&#x1f33c;<![CDATA[ Currency: EUR ]]>&#x1f621;<![CDATA[ issuer: GDFN7ELA5333B6RAZE6KC46LLLWLDHE6M6CFTOR5EJGSYUZ3JQSP5MKS
2020-04-28 09:21:26.910  INFO 45148 --- [    Test worker] AnchorController                         : ]]>&#x1f33c;<![CDATA[ stellar.toml: ]]>&#x1f33c;<![CDATA[ Currency: CHF ]]>&#x1f621;<![CDATA[ issuer: GDFN7ELA5333B6RAZE6KC46LLLWLDHE6M6CFTOR5EJGSYUZ3JQSP5MKS
2020-04-28 09:21:26.910  INFO 45148 --- [    Test worker] AnchorController                         : ]]>&#x1f33c;<![CDATA[ stellar.toml: ]]>&#x1f33c;<![CDATA[ Currency: CNY ]]>&#x1f621;<![CDATA[ issuer: GDFN7ELA5333B6RAZE6KC46LLLWLDHE6M6CFTOR5EJGSYUZ3JQSP5MKS
2020-04-28 09:21:26.911  INFO 45148 --- [    Test worker] AnchorController                         : ]]>&#x1f33c;<![CDATA[ stellar.toml: ]]>&#x1f33c;<![CDATA[ Currency: ZAR ]]>&#x1f621;<![CDATA[ issuer: GDFN7ELA5333B6RAZE6KC46LLLWLDHE6M6CFTOR5EJGSYUZ3JQSP5MKS
2020-04-28 09:21:26.911  INFO 45148 --- [    Test worker] AnchorController                         : ]]>&#x1f33c;<![CDATA[ stellar.toml: ]]>&#x1f33c;<![CDATA[ Currency: GBP ]]>&#x1f621;<![CDATA[ issuer: GDFN7ELA5333B6RAZE6KC46LLLWLDHE6M6CFTOR5EJGSYUZ3JQSP5MKS
2020-04-28 09:21:26.911  INFO 45148 --- [    Test worker] AnchorController                         : ]]>&#x1f33c;<![CDATA[ stellar.toml: ]]>&#x1f33c;<![CDATA[ Currency: BTC ]]>&#x1f621;<![CDATA[ issuer: GAOO3LWBC4XF6VWRP5ESJ6IBHAISVJMSBTALHOQM2EZG7Q477UWA6L7U
2020-04-28 09:21:26.911  INFO 45148 --- [    Test worker] AnchorController                         : ]]>&#x1f33c;<![CDATA[ stellar.toml: ]]>&#x1f33c;<![CDATA[ Currency: ETH ]]>&#x1f621;<![CDATA[ issuer: GD5T6IPRNCKFOHQWT264YPKOZAWUMMZOLZBJ6BNQMUGPWGRLBK3U7ZNP
2020-04-28 09:21:26.911  INFO 45148 --- [    Test worker] AnchorController                         : ]]>&#x1f33c;<![CDATA[ stellar.toml: ]]>&#x1f33c;<![CDATA[ Currency: GOAT ]]>&#x1f621;<![CDATA[ issuer: GD5T6IPRNCKFOHQWT264YPKOZAWUMMZOLZBJ6BNQMUGPWGRLBK3U7ZNP
]]></system-out>
  <system-err><![CDATA[]]></system-err>
</testsuite>
