<?xml version="1.0" encoding="UTF-8"?>
<testsuite name="com.anchor.api.AnchorApplicationTests" tests="1" skipped="0" failures="0" errors="0" timestamp="2020-04-26T13:17:14" hostname="aubreys-imac.lan" time="0.157">
  <properties/>
  <testcase name="contextLoads()" classname="com.anchor.api.AnchorApplicationTests" time="0.157"/>
  <system-out><![CDATA[15:17:10.227 [Test worker] DEBUG org.springframework.test.context.BootstrapUtils - Instantiating CacheAwareContextLoaderDelegate from class [org.springframework.test.context.cache.DefaultCacheAwareContextLoaderDelegate]
15:17:10.237 [Test worker] DEBUG org.springframework.test.context.BootstrapUtils - Instantiating BootstrapContext using constructor [public org.springframework.test.context.support.DefaultBootstrapContext(java.lang.Class,org.springframework.test.context.CacheAwareContextLoaderDelegate)]
15:17:10.262 [Test worker] DEBUG org.springframework.test.context.BootstrapUtils - Instantiating TestContextBootstrapper for test class [com.anchor.api.AnchorApplicationTests] from class [org.springframework.boot.test.context.SpringBootTestContextBootstrapper]
15:17:10.275 [Test worker] INFO org.springframework.boot.test.context.SpringBootTestContextBootstrapper - Neither @ContextConfiguration nor @ContextHierarchy found for test class [com.anchor.api.AnchorApplicationTests], using SpringBootContextLoader
15:17:10.278 [Test worker] DEBUG org.springframework.test.context.support.AbstractContextLoader - Did not detect default resource location for test class [com.anchor.api.AnchorApplicationTests]: class path resource [com/anchor/api/AnchorApplicationTests-context.xml] does not exist
15:17:10.279 [Test worker] DEBUG org.springframework.test.context.support.AbstractContextLoader - Did not detect default resource location for test class [com.anchor.api.AnchorApplicationTests]: class path resource [com/anchor/api/AnchorApplicationTestsContext.groovy] does not exist
15:17:10.279 [Test worker] INFO org.springframework.test.context.support.AbstractContextLoader - Could not detect default resource locations for test class [com.anchor.api.AnchorApplicationTests]: no resource found for suffixes {-context.xml, Context.groovy}.
15:17:10.279 [Test worker] INFO org.springframework.test.context.support.AnnotationConfigContextLoaderUtils - Could not detect default configuration classes for test class [com.anchor.api.AnchorApplicationTests]: AnchorApplicationTests does not declare any static, non-private, non-final, nested classes annotated with @Configuration.
15:17:10.332 [Test worker] DEBUG org.springframework.test.context.support.ActiveProfilesUtils - Could not find an 'annotation declaring class' for annotation type [org.springframework.test.context.ActiveProfiles] and class [com.anchor.api.AnchorApplicationTests]
15:17:10.385 [Test worker] DEBUG org.springframework.context.annotation.ClassPathScanningCandidateComponentProvider - Identified candidate component class: file [/Users/aubs/WORK/STELLAR-ANCHOR/anchor/build/classes/java/main/com/anchor/api/AnchorApplication.class]
15:17:10.386 [Test worker] INFO org.springframework.boot.test.context.SpringBootTestContextBootstrapper - Found @SpringBootConfiguration com.anchor.api.AnchorApplication for test class com.anchor.api.AnchorApplicationTests
15:17:10.485 [Test worker] DEBUG org.springframework.boot.test.context.SpringBootTestContextBootstrapper - @TestExecutionListeners is not present for class [com.anchor.api.AnchorApplicationTests]: using defaults.
15:17:10.485 [Test worker] INFO org.springframework.boot.test.context.SpringBootTestContextBootstrapper - Loaded default TestExecutionListener class names from location [META-INF/spring.factories]: [org.springframework.boot.test.autoconfigure.restdocs.RestDocsTestExecutionListener, org.springframework.boot.test.autoconfigure.web.client.MockRestServiceServerResetTestExecutionListener, org.springframework.boot.test.autoconfigure.web.servlet.MockMvcPrintOnlyOnFailureTestExecutionListener, org.springframework.boot.test.autoconfigure.web.servlet.WebDriverTestExecutionListener, org.springframework.boot.test.mock.mockito.MockitoTestExecutionListener, org.springframework.boot.test.mock.mockito.ResetMocksTestExecutionListener, org.springframework.test.context.web.ServletTestExecutionListener, org.springframework.test.context.support.DirtiesContextBeforeModesTestExecutionListener, org.springframework.test.context.support.DependencyInjectionTestExecutionListener, org.springframework.test.context.support.DirtiesContextTestExecutionListener, org.springframework.test.context.transaction.TransactionalTestExecutionListener, org.springframework.test.context.jdbc.SqlScriptsTestExecutionListener, org.springframework.test.context.event.EventPublishingTestExecutionListener]
15:17:10.500 [Test worker] INFO org.springframework.boot.test.context.SpringBootTestContextBootstrapper - Using TestExecutionListeners: [org.springframework.test.context.web.ServletTestExecutionListener@3a4c4861, org.springframework.test.context.support.DirtiesContextBeforeModesTestExecutionListener@14a184f2, org.springframework.boot.test.mock.mockito.MockitoTestExecutionListener@1d6828b, org.springframework.boot.test.autoconfigure.SpringBootDependencyInjectionTestExecutionListener@214b4613, org.springframework.test.context.support.DirtiesContextTestExecutionListener@799c0d1b, org.springframework.test.context.transaction.TransactionalTestExecutionListener@610280ce, org.springframework.test.context.jdbc.SqlScriptsTestExecutionListener@547584bf, org.springframework.test.context.event.EventPublishingTestExecutionListener@2f752bfc, org.springframework.boot.test.autoconfigure.restdocs.RestDocsTestExecutionListener@36980fdc, org.springframework.boot.test.autoconfigure.web.client.MockRestServiceServerResetTestExecutionListener@4369fd31, org.springframework.boot.test.autoconfigure.web.servlet.MockMvcPrintOnlyOnFailureTestExecutionListener@3bc1c99f, org.springframework.boot.test.autoconfigure.web.servlet.WebDriverTestExecutionListener@3d6d2fd0, org.springframework.boot.test.mock.mockito.ResetMocksTestExecutionListener@4b7d314e]
15:17:10.503 [Test worker] DEBUG org.springframework.test.context.support.AbstractDirtiesContextTestExecutionListener - Before test class: context [DefaultTestContext@4985202b testClass = AnchorApplicationTests, testInstance = [null], testMethod = [null], testException = [null], mergedContextConfiguration = [WebMergedContextConfiguration@73665778 testClass = AnchorApplicationTests, locations = '{}', classes = '{class com.anchor.api.AnchorApplication}', contextInitializerClasses = '[]', activeProfiles = '{}', propertySourceLocations = '{}', propertySourceProperties = '{org.springframework.boot.test.context.SpringBootTestContextBootstrapper=true}', contextCustomizers = set[org.springframework.boot.test.autoconfigure.properties.PropertyMappingContextCustomizer@0, org.springframework.boot.test.autoconfigure.web.servlet.WebDriverContextCustomizerFactory$Customizer@546b2385, org.springframework.boot.test.context.filter.ExcludeFilterContextCustomizer@3db2f24c, org.springframework.boot.test.json.DuplicateJsonObjectContextCustomizerFactory$DuplicateJsonObjectContextCustomizer@30129d84, org.springframework.boot.test.mock.mockito.MockitoContextCustomizer@0, org.springframework.boot.test.web.client.TestRestTemplateContextCustomizer@1b82d3a0], resourceBasePath = 'src/main/webapp', contextLoader = 'org.springframework.boot.test.context.SpringBootContextLoader', parent = [null]], attributes = map['org.springframework.test.context.web.ServletTestExecutionListener.activateListener' -> true]], class annotated with @DirtiesContext [false] with mode [null].
15:17:10.535 [Test worker] DEBUG org.springframework.test.context.support.TestPropertySourceUtils - Adding inlined properties to environment: {spring.jmx.enabled=false, org.springframework.boot.test.context.SpringBootTestContextBootstrapper=true, server.port=-1}

  .   ____          _            __ _ _
 /\\ / ___'_ __ _ _(_)_ __  __ _ \ \ \ \
( ( )\___ | '_ | '_| | '_ \/ _` | \ \ \ \
 \\/  ___)| |_)| | | | | || (_| |  ) ) ) )
  '  |____| .__|_| |_|_| |_\__, | / / / /
 =========|_|==============|___/=/_/_/_/
 :: Spring Boot ::        (v2.2.6.RELEASE)

2020-04-26 15:17:10.732  INFO 25955 --- [    Test worker] com.anchor.api.AnchorApplicationTests    : Starting AnchorApplicationTests on aubreys-imac.lan with PID 25955 (started by aubs in /Users/aubs/WORK/STELLAR-ANCHOR/anchor)
2020-04-26 15:17:10.733  INFO 25955 --- [    Test worker] com.anchor.api.AnchorApplicationTests    : The following profiles are active: dev
2020-04-26 15:17:10.756 DEBUG 25955 --- [    Test worker] o.s.w.c.s.GenericWebApplicationContext   : Refreshing org.springframework.web.context.support.GenericWebApplicationContext@170d4507
2020-04-26 15:17:11.145  INFO 25955 --- [    Test worker] .s.d.r.c.RepositoryConfigurationDelegate : Bootstrapping Spring Data MongoDB repositories in DEFAULT mode.
2020-04-26 15:17:11.161  INFO 25955 --- [    Test worker] .s.d.r.c.RepositoryConfigurationDelegate : Finished Spring Data repository scanning in 11ms. Found 0 MongoDB repository interfaces.
2020-04-26 15:17:12.019  INFO 25955 --- [    Test worker] o.s.s.concurrent.ThreadPoolTaskExecutor  : Initializing ExecutorService 'applicationTaskExecutor'
2020-04-26 15:17:12.032 DEBUG 25955 --- [    Test worker] s.w.s.m.m.a.RequestMappingHandlerAdapter : ControllerAdvice beans: 0 @ModelAttribute, 0 @InitBinder, 1 RequestBodyAdvice, 1 ResponseBodyAdvice
2020-04-26 15:17:12.086 DEBUG 25955 --- [    Test worker] s.w.s.m.m.a.RequestMappingHandlerMapping : 2 mappings in 'requestMappingHandlerMapping'
2020-04-26 15:17:12.129 DEBUG 25955 --- [    Test worker] o.s.w.s.handler.SimpleUrlHandlerMapping  : Patterns [/webjars/**, /**] in 'resourceHandlerMapping'
2020-04-26 15:17:12.140 DEBUG 25955 --- [    Test worker] .m.m.a.ExceptionHandlerExceptionResolver : ControllerAdvice beans: 0 @ExceptionHandler, 1 ResponseBodyAdvice
2020-04-26 15:17:12.403  INFO 25955 --- [    Test worker] org.mongodb.driver.cluster               : Cluster created with settings {hosts=[localhost:27017], mode=SINGLE, requiredClusterType=UNKNOWN, serverSelectionTimeout='30000 ms', maxWaitQueueSize=500}
2020-04-26 15:17:12.452  INFO 25955 --- [localhost:27017] org.mongodb.driver.cluster               : Exception in monitor thread while connecting to server localhost:27017

com.mongodb.MongoSocketOpenException: Exception opening socket
	at com.mongodb.internal.connection.SocketStream.open(SocketStream.java:70) ~[mongodb-driver-core-3.11.2.jar:na]
	at com.mongodb.internal.connection.InternalStreamConnection.open(InternalStreamConnection.java:128) ~[mongodb-driver-core-3.11.2.jar:na]
	at com.mongodb.internal.connection.DefaultServerMonitor$ServerMonitorRunnable.run(DefaultServerMonitor.java:117) ~[mongodb-driver-core-3.11.2.jar:na]
	at java.lang.Thread.run(Thread.java:748) [na:1.8.0_241]
Caused by: java.net.ConnectException: Connection refused (Connection refused)
	at java.net.PlainSocketImpl.socketConnect(Native Method) ~[na:1.8.0_241]
	at java.net.AbstractPlainSocketImpl.doConnect(AbstractPlainSocketImpl.java:350) ~[na:1.8.0_241]
	at java.net.AbstractPlainSocketImpl.connectToAddress(AbstractPlainSocketImpl.java:206) ~[na:1.8.0_241]
	at java.net.AbstractPlainSocketImpl.connect(AbstractPlainSocketImpl.java:188) ~[na:1.8.0_241]
	at java.net.SocksSocketImpl.connect(SocksSocketImpl.java:392) ~[na:1.8.0_241]
	at java.net.Socket.connect(Socket.java:606) ~[na:1.8.0_241]
	at com.mongodb.internal.connection.SocketStreamHelper.initialize(SocketStreamHelper.java:64) ~[mongodb-driver-core-3.11.2.jar:na]
	at com.mongodb.internal.connection.SocketStream.initializeSocket(SocketStream.java:79) ~[mongodb-driver-core-3.11.2.jar:na]
	at com.mongodb.internal.connection.SocketStream.open(SocketStream.java:65) ~[mongodb-driver-core-3.11.2.jar:na]
	... 3 common frames omitted

2020-04-26 15:17:12.708  INFO 25955 --- [    Test worker] o.s.c.g.core.DefaultCredentialsProvider  : Default credentials provider for service account firebase-adminsdk-7x0bs@stellar-anchor-333.iam.gserviceaccount.com
2020-04-26 15:17:12.709  INFO 25955 --- [    Test worker] o.s.c.g.core.DefaultCredentialsProvider  : Scopes in use by default credentials: [https://www.googleapis.com/auth/pubsub, https://www.googleapis.com/auth/spanner.admin, https://www.googleapis.com/auth/spanner.data, https://www.googleapis.com/auth/datastore, https://www.googleapis.com/auth/sqlservice.admin, https://www.googleapis.com/auth/devstorage.read_only, https://www.googleapis.com/auth/devstorage.read_write, https://www.googleapis.com/auth/cloudruntimeconfig, https://www.googleapis.com/auth/trace.append, https://www.googleapis.com/auth/cloud-platform, https://www.googleapis.com/auth/cloud-vision, https://www.googleapis.com/auth/bigquery]
2020-04-26 15:17:12.753  INFO 25955 --- [    Test worker] o.s.c.g.a.c.GcpContextAutoConfiguration  : The default project ID is stellar-anchor-333
2020-04-26 15:17:14.075  INFO 25955 --- [    Test worker] o.s.s.c.ThreadPoolTaskScheduler          : Initializing ExecutorService 'pubsubPublisherThreadPool'
2020-04-26 15:17:14.078  INFO 25955 --- [    Test worker] o.s.s.c.ThreadPoolTaskScheduler          : Initializing ExecutorService 'pubsubSubscriberThreadPool'
2020-04-26 15:17:14.096  INFO 25955 --- [    Test worker] o.s.s.concurrent.ThreadPoolTaskExecutor  : Initializing ExecutorService 'pubSubAcknowledgementExecutor'
2020-04-26 15:17:14.241  INFO 25955 --- [    Test worker] com.anchor.api.AnchorApplicationTests    : Started AnchorApplicationTests in 3.695 seconds (JVM running for 4.775)
]]></system-out>
  <system-err><![CDATA[]]></system-err>
</testsuite>
